SF:lib\Pages\register_page.dart
DA:12,2
DA:15,1
DA:16,1
DA:31,1
DA:32,2
DA:33,2
DA:34,2
DA:36,4
DA:37,1
DA:38,0
DA:39,0
DA:40,0
DA:43,0
DA:44,0
DA:45,0
DA:47,0
DA:48,0
DA:52,1
DA:53,1
DA:56,2
DA:59,1
DA:60,1
DA:63,2
DA:69,1
DA:71,1
DA:72,1
DA:73,1
DA:74,3
DA:77,1
DA:78,1
DA:80,1
DA:81,1
DA:82,1
DA:83,1
DA:84,1
DA:85,1
DA:86,1
DA:87,1
DA:88,1
DA:89,1
DA:94,1
DA:96,1
DA:97,1
DA:98,1
DA:99,1
DA:103,1
DA:104,2
DA:105,3
DA:110,1
DA:111,2
DA:112,3
DA:114,1
DA:116,1
DA:117,1
DA:118,1
DA:119,1
DA:128,1
DA:129,3
DA:130,1
DA:132,1
LF:60
LH:52
end_of_record
SF:lib\Components\toast_messege.dart
DA:4,0
DA:5,0
DA:10,0
LF:3
LH:0
end_of_record
SF:lib\Provider\auth_provider.dart
DA:14,0
DA:15,0
DA:16,0
DA:18,0
DA:24,0
DA:25,0
DA:26,0
DA:27,0
DA:30,0
DA:37,0
DA:38,0
DA:39,0
DA:41,0
DA:46,0
DA:49,0
DA:50,0
DA:53,0
LF:17
LH:0
end_of_record
